2024-02-10 11:18:08,463 INFO  [Log] **************************************************************************************** 
2024-02-10 11:18:08,464 INFO  [Log] **************************************************************************************** 
2024-02-10 11:18:08,465 INFO  [Log] $$$$$$$$$$$$$$$$$$$$$                 My login test case       $$$$$$$$$$$$$$$$$$$$$$$$$ 
2024-02-10 11:18:08,465 INFO  [Log] **************************************************************************************** 
2024-02-10 11:18:08,465 INFO  [Log] **************************************************************************************** 
2024-02-10 11:18:08,465 INFO  [Log] My test case is executing 
2024-02-10 11:18:08,465 INFO  [Log] I am testing log4j functionality 
2024-02-10 11:18:09,307 INFO  [Log] XXXXXXXXXXXXXXXXXXXXXXX             -E---N---D-             XXXXXXXXXXXXXXXXXXXXXX 
2024-02-10 11:18:09,308 INFO  [Log] X 
2024-02-10 11:18:09,308 INFO  [Log] X 
2024-02-10 11:18:09,308 INFO  [Log] X 
2024-02-10 11:18:09,308 INFO  [Log] X 
2024-04-30 01:21:55,980 INFO  [Log] **************************************************************************************** 
2024-04-30 01:21:55,980 INFO  [Log] **************************************************************************************** 
2024-04-30 01:21:55,980 INFO  [Log] $$$$$$$$$$$$$$$$$$$$$                 My login test case       $$$$$$$$$$$$$$$$$$$$$$$$$ 
2024-04-30 01:21:55,980 INFO  [Log] **************************************************************************************** 
2024-04-30 01:21:55,980 INFO  [Log] **************************************************************************************** 
2024-04-30 01:21:55,980 INFO  [Log] My test case is executing 
2024-04-30 01:21:55,980 INFO  [Log] I am testing log4j functionality 
2024-04-30 01:21:56,345 INFO  [Log] XXXXXXXXXXXXXXXXXXXXXXX             -E---N---D-             XXXXXXXXXXXXXXXXXXXXXX 
2024-04-30 01:21:56,345 INFO  [Log] X 
2024-04-30 01:21:56,345 INFO  [Log] X 
2024-04-30 01:21:56,345 INFO  [Log] X 
2024-04-30 01:21:56,345 INFO  [Log] X 
2024-05-04 07:58:43,042 INFO  [Log] **************************************************************************************** 
2024-05-04 07:58:43,042 INFO  [Log] **************************************************************************************** 
2024-05-04 07:58:43,042 INFO  [Log] $$$$$$$$$$$$$$$$$$$$$                 My login test case       $$$$$$$$$$$$$$$$$$$$$$$$$ 
2024-05-04 07:58:43,042 INFO  [Log] **************************************************************************************** 
2024-05-04 07:58:43,042 INFO  [Log] **************************************************************************************** 
2024-05-04 07:58:43,042 INFO  [Log] My test case is executing 
2024-05-04 07:58:43,042 INFO  [Log] I am testing log4j functionality 
2024-05-04 07:58:43,591 INFO  [Log] XXXXXXXXXXXXXXXXXXXXXXX             -E---N---D-             XXXXXXXXXXXXXXXXXXXXXX 
2024-05-04 07:58:43,591 INFO  [Log] X 
2024-05-04 07:58:43,591 INFO  [Log] X 
2024-05-04 07:58:43,591 INFO  [Log] X 
2024-05-04 07:58:43,591 INFO  [Log] X 
2024-05-04 08:00:23,762 INFO  [Log] **************************************************************************************** 
2024-05-04 08:00:23,762 INFO  [Log] **************************************************************************************** 
2024-05-04 08:00:23,776 INFO  [Log] $$$$$$$$$$$$$$$$$$$$$                 My login test case       $$$$$$$$$$$$$$$$$$$$$$$$$ 
2024-05-04 08:00:23,776 INFO  [Log] **************************************************************************************** 
2024-05-04 08:00:23,776 INFO  [Log] **************************************************************************************** 
2024-05-04 08:00:23,776 INFO  [Log] My test case is executing 
2024-05-04 08:00:23,776 INFO  [Log] I am testing log4j functionality 
2024-05-04 08:00:24,198 INFO  [Log] XXXXXXXXXXXXXXXXXXXXXXX             -E---N---D-             XXXXXXXXXXXXXXXXXXXXXX 
2024-05-04 08:00:24,200 INFO  [Log] X 
2024-05-04 08:00:24,200 INFO  [Log] X 
2024-05-04 08:00:24,200 INFO  [Log] X 
2024-05-04 08:00:24,200 INFO  [Log] X 
2024-07-28 14:28:18,293 INFO  [Log] **************************************************************************************** 
2024-07-28 14:28:18,293 INFO  [Log] **************************************************************************************** 
2024-07-28 14:28:18,293 INFO  [Log] $$$$$$$$$$$$$$$$$$$$$                 My login test case       $$$$$$$$$$$$$$$$$$$$$$$$$ 
2024-07-28 14:28:18,293 INFO  [Log] **************************************************************************************** 
2024-07-28 14:28:18,293 INFO  [Log] **************************************************************************************** 
2024-07-28 14:28:18,293 INFO  [Log] My test case is executing 
2024-07-28 14:28:18,293 INFO  [Log] I am testing log4j functionality 
2024-07-28 14:28:18,471 INFO  [Log] XXXXXXXXXXXXXXXXXXXXXXX             -E---N---D-             XXXXXXXXXXXXXXXXXXXXXX 
2024-07-28 14:28:18,471 INFO  [Log] X 
2024-07-28 14:28:18,471 INFO  [Log] X 
2024-07-28 14:28:18,471 INFO  [Log] X 
2024-07-28 14:28:18,471 INFO  [Log] X 
2024-07-28 14:30:37,655 INFO  [Log] **************************************************************************************** 
2024-07-28 14:30:37,655 INFO  [Log] **************************************************************************************** 
2024-07-28 14:30:37,655 INFO  [Log] $$$$$$$$$$$$$$$$$$$$$                 My login test case       $$$$$$$$$$$$$$$$$$$$$$$$$ 
2024-07-28 14:30:37,655 INFO  [Log] **************************************************************************************** 
2024-07-28 14:30:37,655 INFO  [Log] **************************************************************************************** 
2024-07-28 14:30:37,655 INFO  [Log] My test case is executing 
2024-07-28 14:30:37,655 INFO  [Log] I am testing log4j functionality 
2024-07-28 14:30:37,914 INFO  [Log] XXXXXXXXXXXXXXXXXXXXXXX             -E---N---D-             XXXXXXXXXXXXXXXXXXXXXX 
2024-07-28 14:30:37,915 INFO  [Log] X 
2024-07-28 14:30:37,915 INFO  [Log] X 
2024-07-28 14:30:37,915 INFO  [Log] X 
2024-07-28 14:30:37,915 INFO  [Log] X 
2024-07-28 14:30:55,191 INFO  [Log] **************************************************************************************** 
2024-07-28 14:30:55,191 INFO  [Log] **************************************************************************************** 
2024-07-28 14:30:55,191 INFO  [Log] $$$$$$$$$$$$$$$$$$$$$                 My login test case       $$$$$$$$$$$$$$$$$$$$$$$$$ 
2024-07-28 14:30:55,191 INFO  [Log] **************************************************************************************** 
2024-07-28 14:30:55,191 INFO  [Log] **************************************************************************************** 
2024-07-28 14:30:55,191 INFO  [Log] My test case is executing 
2024-07-28 14:30:55,191 INFO  [Log] I am testing log4j functionality 
2024-07-28 14:30:55,436 INFO  [Log] XXXXXXXXXXXXXXXXXXXXXXX             -E---N---D-             XXXXXXXXXXXXXXXXXXXXXX 
2024-07-28 14:30:55,436 INFO  [Log] X 
2024-07-28 14:30:55,436 INFO  [Log] X 
2024-07-28 14:30:55,436 INFO  [Log] X 
2024-07-28 14:30:55,436 INFO  [Log] X 
2024-07-28 14:31:12,835 INFO  [Log] **************************************************************************************** 
2024-07-28 14:31:12,835 INFO  [Log] **************************************************************************************** 
2024-07-28 14:31:12,835 INFO  [Log] $$$$$$$$$$$$$$$$$$$$$                 My login test case       $$$$$$$$$$$$$$$$$$$$$$$$$ 
2024-07-28 14:31:12,835 INFO  [Log] **************************************************************************************** 
2024-07-28 14:31:12,835 INFO  [Log] **************************************************************************************** 
2024-07-28 14:31:12,835 INFO  [Log] My test case is executing 
2024-07-28 14:31:12,835 INFO  [Log] I am testing log4j functionality 
2024-07-28 14:31:13,071 INFO  [Log] XXXXXXXXXXXXXXXXXXXXXXX             -E---N---D-             XXXXXXXXXXXXXXXXXXXXXX 
2024-07-28 14:31:13,071 INFO  [Log] X 
2024-07-28 14:31:13,072 INFO  [Log] X 
2024-07-28 14:31:13,072 INFO  [Log] X 
2024-07-28 14:31:13,072 INFO  [Log] X 
2024-07-31 17:10:06,584 INFO  [Log] **************************************************************************************** 
2024-07-31 17:10:06,585 INFO  [Log] **************************************************************************************** 
2024-07-31 17:10:06,585 INFO  [Log] $$$$$$$$$$$$$$$$$$$$$                 My login test case       $$$$$$$$$$$$$$$$$$$$$$$$$ 
2024-07-31 17:10:06,585 INFO  [Log] **************************************************************************************** 
2024-07-31 17:10:06,585 INFO  [Log] **************************************************************************************** 
2024-07-31 17:10:06,585 INFO  [Log] My test case is executing 
2024-07-31 17:10:06,585 INFO  [Log] I am testing log4j functionality 
2024-07-31 17:10:06,811 INFO  [Log] XXXXXXXXXXXXXXXXXXXXXXX             -E---N---D-             XXXXXXXXXXXXXXXXXXXXXX 
2024-07-31 17:10:06,811 INFO  [Log] X 
2024-07-31 17:10:06,811 INFO  [Log] X 
2024-07-31 17:10:06,811 INFO  [Log] X 
2024-07-31 17:10:06,811 INFO  [Log] X 
2024-07-31 17:15:35,042 INFO  [Log] **************************************************************************************** 
2024-07-31 17:15:35,042 INFO  [Log] **************************************************************************************** 
2024-07-31 17:15:35,043 INFO  [Log] $$$$$$$$$$$$$$$$$$$$$                 My login test case       $$$$$$$$$$$$$$$$$$$$$$$$$ 
2024-07-31 17:15:35,043 INFO  [Log] **************************************************************************************** 
2024-07-31 17:15:35,043 INFO  [Log] **************************************************************************************** 
2024-07-31 17:15:35,043 INFO  [Log] My test case is executing 
2024-07-31 17:15:35,043 INFO  [Log] I am testing log4j functionality 
2024-07-31 17:15:35,190 INFO  [Log] XXXXXXXXXXXXXXXXXXXXXXX             -E---N---D-             XXXXXXXXXXXXXXXXXXXXXX 
2024-07-31 17:15:35,190 INFO  [Log] X 
2024-07-31 17:15:35,190 INFO  [Log] X 
2024-07-31 17:15:35,190 INFO  [Log] X 
2024-07-31 17:15:35,190 INFO  [Log] X 
2024-07-31 17:15:49,568 INFO  [Log] **************************************************************************************** 
2024-07-31 17:15:49,568 INFO  [Log] **************************************************************************************** 
2024-07-31 17:15:49,568 INFO  [Log] $$$$$$$$$$$$$$$$$$$$$                 My login test case       $$$$$$$$$$$$$$$$$$$$$$$$$ 
2024-07-31 17:15:49,568 INFO  [Log] **************************************************************************************** 
2024-07-31 17:15:49,568 INFO  [Log] **************************************************************************************** 
2024-07-31 17:15:49,568 INFO  [Log] My test case is executing 
2024-07-31 17:15:49,568 INFO  [Log] I am testing log4j functionality 
2024-07-31 17:15:49,712 INFO  [Log] XXXXXXXXXXXXXXXXXXXXXXX             -E---N---D-             XXXXXXXXXXXXXXXXXXXXXX 
2024-07-31 17:15:49,712 INFO  [Log] X 
2024-07-31 17:15:49,712 INFO  [Log] X 
2024-07-31 17:15:49,712 INFO  [Log] X 
2024-07-31 17:15:49,712 INFO  [Log] X 
2024-07-31 17:16:03,668 INFO  [Log] **************************************************************************************** 
2024-07-31 17:16:03,668 INFO  [Log] **************************************************************************************** 
2024-07-31 17:16:03,668 INFO  [Log] $$$$$$$$$$$$$$$$$$$$$                 My login test case       $$$$$$$$$$$$$$$$$$$$$$$$$ 
2024-07-31 17:16:03,668 INFO  [Log] **************************************************************************************** 
2024-07-31 17:16:03,668 INFO  [Log] **************************************************************************************** 
2024-07-31 17:16:03,668 INFO  [Log] My test case is executing 
2024-07-31 17:16:03,668 INFO  [Log] I am testing log4j functionality 
2024-07-31 17:16:03,838 INFO  [Log] XXXXXXXXXXXXXXXXXXXXXXX             -E---N---D-             XXXXXXXXXXXXXXXXXXXXXX 
2024-07-31 17:16:03,838 INFO  [Log] X 
2024-07-31 17:16:03,838 INFO  [Log] X 
2024-07-31 17:16:03,838 INFO  [Log] X 
2024-07-31 17:16:03,838 INFO  [Log] X 
2024-07-31 17:28:45,252 INFO  [Log] **************************************************************************************** 
2024-07-31 17:28:45,252 INFO  [Log] **************************************************************************************** 
2024-07-31 17:28:45,252 INFO  [Log] $$$$$$$$$$$$$$$$$$$$$                 My login test case       $$$$$$$$$$$$$$$$$$$$$$$$$ 
2024-07-31 17:28:45,252 INFO  [Log] **************************************************************************************** 
2024-07-31 17:28:45,252 INFO  [Log] **************************************************************************************** 
2024-07-31 17:28:45,252 INFO  [Log] My test case is executing 
2024-07-31 17:28:45,252 INFO  [Log] I am testing log4j functionality 
2024-07-31 17:28:45,428 INFO  [Log] XXXXXXXXXXXXXXXXXXXXXXX             -E---N---D-             XXXXXXXXXXXXXXXXXXXXXX 
2024-07-31 17:28:45,428 INFO  [Log] X 
2024-07-31 17:28:45,428 INFO  [Log] X 
2024-07-31 17:28:45,428 INFO  [Log] X 
2024-07-31 17:28:45,428 INFO  [Log] X 
2024-07-31 17:29:00,906 INFO  [Log] **************************************************************************************** 
2024-07-31 17:29:00,906 INFO  [Log] **************************************************************************************** 
2024-07-31 17:29:00,906 INFO  [Log] $$$$$$$$$$$$$$$$$$$$$                 My login test case       $$$$$$$$$$$$$$$$$$$$$$$$$ 
2024-07-31 17:29:00,906 INFO  [Log] **************************************************************************************** 
2024-07-31 17:29:00,906 INFO  [Log] **************************************************************************************** 
2024-07-31 17:29:00,906 INFO  [Log] My test case is executing 
2024-07-31 17:29:00,906 INFO  [Log] I am testing log4j functionality 
2024-07-31 17:29:01,065 INFO  [Log] XXXXXXXXXXXXXXXXXXXXXXX             -E---N---D-             XXXXXXXXXXXXXXXXXXXXXX 
2024-07-31 17:29:01,065 INFO  [Log] X 
2024-07-31 17:29:01,065 INFO  [Log] X 
2024-07-31 17:29:01,065 INFO  [Log] X 
2024-07-31 17:29:01,065 INFO  [Log] X 
2024-07-31 17:29:14,135 INFO  [Log] **************************************************************************************** 
2024-07-31 17:29:14,135 INFO  [Log] **************************************************************************************** 
2024-07-31 17:29:14,135 INFO  [Log] $$$$$$$$$$$$$$$$$$$$$                 My login test case       $$$$$$$$$$$$$$$$$$$$$$$$$ 
2024-07-31 17:29:14,135 INFO  [Log] **************************************************************************************** 
2024-07-31 17:29:14,135 INFO  [Log] **************************************************************************************** 
2024-07-31 17:29:14,135 INFO  [Log] My test case is executing 
2024-07-31 17:29:14,135 INFO  [Log] I am testing log4j functionality 
2024-07-31 17:29:14,291 INFO  [Log] XXXXXXXXXXXXXXXXXXXXXXX             -E---N---D-             XXXXXXXXXXXXXXXXXXXXXX 
2024-07-31 17:29:14,291 INFO  [Log] X 
2024-07-31 17:29:14,291 INFO  [Log] X 
2024-07-31 17:29:14,291 INFO  [Log] X 
2024-07-31 17:29:14,291 INFO  [Log] X 
2024-07-31 17:33:19,039 INFO  [Log] **************************************************************************************** 
2024-07-31 17:33:19,040 INFO  [Log] **************************************************************************************** 
2024-07-31 17:33:19,040 INFO  [Log] $$$$$$$$$$$$$$$$$$$$$                 My login test case       $$$$$$$$$$$$$$$$$$$$$$$$$ 
2024-07-31 17:33:19,040 INFO  [Log] **************************************************************************************** 
2024-07-31 17:33:19,040 INFO  [Log] **************************************************************************************** 
2024-07-31 17:33:19,040 INFO  [Log] My test case is executing 
2024-07-31 17:33:19,040 INFO  [Log] I am testing log4j functionality 
2024-07-31 17:33:19,180 INFO  [Log] XXXXXXXXXXXXXXXXXXXXXXX             -E---N---D-             XXXXXXXXXXXXXXXXXXXXXX 
2024-07-31 17:33:19,180 INFO  [Log] X 
2024-07-31 17:33:19,180 INFO  [Log] X 
2024-07-31 17:33:19,180 INFO  [Log] X 
2024-07-31 17:33:19,180 INFO  [Log] X 
2024-07-31 17:33:31,881 INFO  [Log] **************************************************************************************** 
2024-07-31 17:33:31,881 INFO  [Log] **************************************************************************************** 
2024-07-31 17:33:31,881 INFO  [Log] $$$$$$$$$$$$$$$$$$$$$                 My login test case       $$$$$$$$$$$$$$$$$$$$$$$$$ 
2024-07-31 17:33:31,881 INFO  [Log] **************************************************************************************** 
2024-07-31 17:33:31,881 INFO  [Log] **************************************************************************************** 
2024-07-31 17:33:31,881 INFO  [Log] My test case is executing 
2024-07-31 17:33:31,881 INFO  [Log] I am testing log4j functionality 
2024-07-31 17:33:32,047 INFO  [Log] XXXXXXXXXXXXXXXXXXXXXXX             -E---N---D-             XXXXXXXXXXXXXXXXXXXXXX 
2024-07-31 17:33:32,047 INFO  [Log] X 
2024-07-31 17:33:32,047 INFO  [Log] X 
2024-07-31 17:33:32,047 INFO  [Log] X 
2024-07-31 17:33:32,047 INFO  [Log] X 
2024-07-31 17:33:42,861 INFO  [Log] **************************************************************************************** 
2024-07-31 17:33:42,862 INFO  [Log] **************************************************************************************** 
2024-07-31 17:33:42,862 INFO  [Log] $$$$$$$$$$$$$$$$$$$$$                 My login test case       $$$$$$$$$$$$$$$$$$$$$$$$$ 
2024-07-31 17:33:42,862 INFO  [Log] **************************************************************************************** 
2024-07-31 17:33:42,862 INFO  [Log] **************************************************************************************** 
2024-07-31 17:33:42,862 INFO  [Log] My test case is executing 
2024-07-31 17:33:42,862 INFO  [Log] I am testing log4j functionality 
2024-07-31 17:33:44,641 INFO  [Log] XXXXXXXXXXXXXXXXXXXXXXX             -E---N---D-             XXXXXXXXXXXXXXXXXXXXXX 
2024-07-31 17:33:44,641 INFO  [Log] X 
2024-07-31 17:33:44,641 INFO  [Log] X 
2024-07-31 17:33:44,641 INFO  [Log] X 
2024-07-31 17:33:44,641 INFO  [Log] X 
2024-07-31 17:34:05,204 INFO  [Log] **************************************************************************************** 
2024-07-31 17:34:05,205 INFO  [Log] **************************************************************************************** 
2024-07-31 17:34:05,205 INFO  [Log] $$$$$$$$$$$$$$$$$$$$$                 My login test case       $$$$$$$$$$$$$$$$$$$$$$$$$ 
2024-07-31 17:34:05,205 INFO  [Log] **************************************************************************************** 
2024-07-31 17:34:05,205 INFO  [Log] **************************************************************************************** 
2024-07-31 17:34:05,205 INFO  [Log] My test case is executing 
2024-07-31 17:34:05,205 INFO  [Log] I am testing log4j functionality 
2024-07-31 17:34:05,355 INFO  [Log] XXXXXXXXXXXXXXXXXXXXXXX             -E---N---D-             XXXXXXXXXXXXXXXXXXXXXX 
2024-07-31 17:34:05,355 INFO  [Log] X 
2024-07-31 17:34:05,355 INFO  [Log] X 
2024-07-31 17:34:05,355 INFO  [Log] X 
2024-07-31 17:34:05,355 INFO  [Log] X 
2024-07-31 17:37:03,011 INFO  [Log] **************************************************************************************** 
2024-07-31 17:37:03,011 INFO  [Log] **************************************************************************************** 
2024-07-31 17:37:03,011 INFO  [Log] $$$$$$$$$$$$$$$$$$$$$                 My login test case       $$$$$$$$$$$$$$$$$$$$$$$$$ 
2024-07-31 17:37:03,011 INFO  [Log] **************************************************************************************** 
2024-07-31 17:37:03,011 INFO  [Log] **************************************************************************************** 
2024-07-31 17:37:03,011 INFO  [Log] My test case is executing 
2024-07-31 17:37:03,011 INFO  [Log] I am testing log4j functionality 
2024-07-31 17:37:03,173 INFO  [Log] XXXXXXXXXXXXXXXXXXXXXXX             -E---N---D-             XXXXXXXXXXXXXXXXXXXXXX 
2024-07-31 17:37:03,173 INFO  [Log] X 
2024-07-31 17:37:03,173 INFO  [Log] X 
2024-07-31 17:37:03,173 INFO  [Log] X 
2024-07-31 17:37:03,173 INFO  [Log] X 
2024-07-31 17:37:23,315 INFO  [Log] **************************************************************************************** 
2024-07-31 17:37:23,315 INFO  [Log] **************************************************************************************** 
2024-07-31 17:37:23,315 INFO  [Log] $$$$$$$$$$$$$$$$$$$$$                 My login test case       $$$$$$$$$$$$$$$$$$$$$$$$$ 
2024-07-31 17:37:23,315 INFO  [Log] **************************************************************************************** 
2024-07-31 17:37:23,315 INFO  [Log] **************************************************************************************** 
2024-07-31 17:37:23,315 INFO  [Log] My test case is executing 
2024-07-31 17:37:23,315 INFO  [Log] I am testing log4j functionality 
2024-07-31 17:37:23,465 INFO  [Log] XXXXXXXXXXXXXXXXXXXXXXX             -E---N---D-             XXXXXXXXXXXXXXXXXXXXXX 
2024-07-31 17:37:23,465 INFO  [Log] X 
2024-07-31 17:37:23,465 INFO  [Log] X 
2024-07-31 17:37:23,465 INFO  [Log] X 
2024-07-31 17:37:23,465 INFO  [Log] X 
2024-07-31 17:40:13,298 INFO  [Log] **************************************************************************************** 
2024-07-31 17:40:13,298 INFO  [Log] **************************************************************************************** 
2024-07-31 17:40:13,298 INFO  [Log] $$$$$$$$$$$$$$$$$$$$$                 My login test case       $$$$$$$$$$$$$$$$$$$$$$$$$ 
2024-07-31 17:40:13,298 INFO  [Log] **************************************************************************************** 
2024-07-31 17:40:13,298 INFO  [Log] **************************************************************************************** 
2024-07-31 17:40:13,298 INFO  [Log] My test case is executing 
2024-07-31 17:40:13,298 INFO  [Log] I am testing log4j functionality 
2024-07-31 17:40:13,461 INFO  [Log] XXXXXXXXXXXXXXXXXXXXXXX             -E---N---D-             XXXXXXXXXXXXXXXXXXXXXX 
2024-07-31 17:40:13,461 INFO  [Log] X 
2024-07-31 17:40:13,461 INFO  [Log] X 
2024-07-31 17:40:13,461 INFO  [Log] X 
2024-07-31 17:40:13,461 INFO  [Log] X 
2024-07-31 17:40:35,661 INFO  [Log] **************************************************************************************** 
2024-07-31 17:40:35,661 INFO  [Log] **************************************************************************************** 
2024-07-31 17:40:35,662 INFO  [Log] $$$$$$$$$$$$$$$$$$$$$                 My login test case       $$$$$$$$$$$$$$$$$$$$$$$$$ 
2024-07-31 17:40:35,662 INFO  [Log] **************************************************************************************** 
2024-07-31 17:40:35,662 INFO  [Log] **************************************************************************************** 
2024-07-31 17:40:35,662 INFO  [Log] My test case is executing 
2024-07-31 17:40:35,662 INFO  [Log] I am testing log4j functionality 
2024-07-31 17:40:35,817 INFO  [Log] XXXXXXXXXXXXXXXXXXXXXXX             -E---N---D-             XXXXXXXXXXXXXXXXXXXXXX 
2024-07-31 17:40:35,817 INFO  [Log] X 
2024-07-31 17:40:35,817 INFO  [Log] X 
2024-07-31 17:40:35,817 INFO  [Log] X 
2024-07-31 17:40:35,817 INFO  [Log] X 
